<?xml version="1.0" encoding="UTF-8"?>
<testsuite xmlns:xsi="http://www.w3.org/2001/XMLSchema-instance" xsi:schemaLocation="https://maven.apache.org/surefire/maven-surefire-plugin/xsd/surefire-test-report.xsd" name="Parallel01IT" time="5.144" tests="7" errors="7" skipped="0" failures="0">
  <properties>
[...]
</properties>
  <testcase name="Scenario: Can follow link to another page" classname="Scenario: Can follow link to another page" time="4.481">
    <error message="Unable to create a new remote session. Please check the server log for more details. Original error: Please pass a URL to app capability to use Remote Install Apps&#10;Build info: version: &apos;unknown&apos;, revision: &apos;unknown&apos;, time: &apos;unknown&apos;&#10;System info: host: &apos;Sauce Labs RDC&apos;, ip: &apos;N/A&apos;, os.name: &apos;Linux&apos;, os.arch: &apos;amd64&apos;, os.version: &apos;4.4.0-119-generic&apos;, java.version: &apos;1.8.0_191&apos;&#10;Driver info: driver.version: unknown&#10;Command duration or timeout: 3.49 seconds&#10;Build info: version: &apos;3.141.59&apos;, revision: &apos;e82be7d358&apos;, time: &apos;2018-11-14T08:17:03&apos;&#10;System info: host: &apos;marcela.bras-mbptb.home&apos;, ip: &apos;fe80:0:0:0:21:ac9f:4304:422b%en0&apos;, os.name: &apos;Mac OS X&apos;, os.arch: &apos;x86_64&apos;, os.version: &apos;10.14.2&apos;, java.version: &apos;1.8.0_191&apos;&#10;Driver info: driver.version: AndroidDriver" type="org.openqa.selenium.SessionNotCreatedException">org.openqa.selenium.SessionNotCreatedException: 
Unable to create a new remote session. Please check the server log for more details. Original error: Please pass a URL to app capability to use Remote Install Apps
Build info: version: 'unknown', revision: 'unknown', time: 'unknown'
System info: host: 'Sauce Labs RDC', ip: 'N/A', os.name: 'Linux', os.arch: 'amd64', os.version: '4.4.0-119-generic', java.version: '1.8.0_191'
Driver info: driver.version: unknown
Command duration or timeout: 3.49 seconds
Build info: version: '3.141.59', revision: 'e82be7d358', time: '2018-11-14T08:17:03'
System info: host: 'marcela.bras-mbptb.home', ip: 'fe80:0:0:0:21:ac9f:4304:422b%en0', os.name: 'Mac OS X', os.arch: 'x86_64', os.version: '10.14.2', java.version: '1.8.0_191'
Driver info: driver.version: AndroidDriver
Caused by: java.lang.reflect.InvocationTargetException
Caused by: org.openqa.selenium.SessionNotCreatedException: 
Please pass a URL to app capability to use Remote Install Apps
Build info: version: 'unknown', revision: 'unknown', time: 'unknown'
System info: host: 'Sauce Labs RDC', ip: 'N/A', os.name: 'Linux', os.arch: 'amd64', os.version: '4.4.0-119-generic', java.version: '1.8.0_191'
Driver info: driver.version: unknown
Command duration or timeout: 3.49 seconds
Caused by: org.openqa.selenium.SessionNotCreatedException: 
Please pass a URL to app capability to use Remote Install Apps
Build info: version: 'unknown', revision: 'unknown', time: 'unknown'
System info: host: 'Sauce Labs RDC', ip: 'N/A', os.name: 'Linux', os.arch: 'amd64', os.version: '4.4.0-119-generic', java.version: '1.8.0_191'
Driver info: driver.version: unknown
Build info: version: '3.141.59', revision: 'e82be7d358', time: '2018-11-14T08:17:03'
System info: host: 'marcela.bras-mbptb.home', ip: 'fe80:0:0:0:21:ac9f:4304:422b%en0', os.name: 'Mac OS X', os.arch: 'x86_64', os.version: '10.14.2', java.version: '1.8.0_191'
Driver info: driver.version: unknown
</error>
    <system-out><![CDATA[Feature: Guinea Pig link
]]></system-out>
  </testcase>
  <testcase name="Scenario: Can follow link to another page" classname="Scenario: Can follow link to another page" time="0">
    <error message="TODO: implement me" type="cucumber.api.PendingException">cucumber.api.PendingException: TODO: implement me
</error>
  </testcase>
  <testcase name="Scenario: Can follow link to another page" classname="Scenario: Can follow link to another page" time="0">
    <error message="TODO: implement me" type="cucumber.api.PendingException">cucumber.api.PendingException: TODO: implement me
</error>
  </testcase>
  <testcase name="Scenario: Can follow link to another page" classname="Scenario: Can follow link to another page" time="0">
    <error message="TODO: implement me" type="cucumber.api.PendingException">cucumber.api.PendingException: TODO: implement me
</error>
  </testcase>
  <testcase name="Given I am on the Guinea Pig homepage" classname="Scenario: Can follow link to another page" time="0">
    <error message="TODO: implement me" type="cucumber.api.PendingException">cucumber.api.PendingException: TODO: implement me
</error>
    <system-out><![CDATA[Failure in before hook:GuineaPigSteps.setUp(Scenario)
Message: org.openqa.selenium.SessionNotCreatedException: Unable to create a new remote session. Please check the server log for more details. Original error: Please pass a URL to app capability to use Remote Install Apps
Build info: version: 'unknown', revision: 'unknown', time: 'unknown'
System info: host: 'Sauce Labs RDC', ip: 'N/A', os.name: 'Linux', os.arch: 'amd64', os.version: '4.4.0-119-generic', java.version: '1.8.0_191'
Driver info: driver.version: unknown
Command duration or timeout: 3.49 seconds
Build info: version: '3.141.59', revision: 'e82be7d358', time: '2018-11-14T08:17:03'
System info: host: 'marcela.bras-mbptb.home', ip: 'fe80:0:0:0:21:ac9f:4304:422b%en0', os.name: 'Mac OS X', os.arch: 'x86_64', os.version: '10.14.2', java.version: '1.8.0_191'
Driver info: driver.version: AndroidDriver
	at io.appium.java_client.remote.AppiumCommandExecutor$1.createSession(AppiumCommandExecutor.java:208)
	at io.appium.java_client.remote.AppiumCommandExecutor.createSession(AppiumCommandExecutor.java:217)
	at io.appium.java_client.remote.AppiumCommandExecutor.execute(AppiumCommandExecutor.java:239)
	at org.openqa.selenium.remote.RemoteWebDriver.execute(RemoteWebDriver.java:552)
	at io.appium.java_client.DefaultGenericMobileDriver.execute(DefaultGenericMobileDriver.java:42)
	at io.appium.java_client.AppiumDriver.execute(AppiumDriver.java:1)
	at io.appium.java_client.android.AndroidDriver.execute(AndroidDriver.java:1)
	at org.openqa.selenium.remote.RemoteWebDriver.startSession(RemoteWebDriver.java:213)
	at org.openqa.selenium.remote.RemoteWebDriver.<init>(RemoteWebDriver.java:131)
	at io.appium.java_client.DefaultGenericMobileDriver.<init>(DefaultGenericMobileDriver.java:38)
	at io.appium.java_client.AppiumDriver.<init>(AppiumDriver.java:84)
	at io.appium.java_client.AppiumDriver.<init>(AppiumDriver.java:94)
	at io.appium.java_client.android.AndroidDriver.<init>(AndroidDriver.java:95)
	at com.yourcompany.step.definitions.GuineaPigSteps.setUp(GuineaPigSteps.java:67)
	at sun.reflect.NativeMethodAccessorImpl.invoke0(Native Method)
	at sun.reflect.NativeMethodAccessorImpl.invoke(NativeMethodAccessorImpl.java:62)
	at sun.reflect.DelegatingMethodAccessorImpl.invoke(DelegatingMethodAccessorImpl.java:43)
	at java.lang.reflect.Method.invoke(Method.java:498)
	at cucumber.runtime.Utils$1.call(Utils.java:37)
	at cucumber.runtime.Timeout.timeout(Timeout.java:13)
	at cucumber.runtime.Utils.invoke(Utils.java:31)
	at cucumber.runtime.java.JavaHookDefinition.execute(JavaHookDefinition.java:60)
	at cucumber.runtime.Runtime.runHookIfTagsMatch(Runtime.java:223)
	at cucumber.runtime.Runtime.runHooks(Runtime.java:211)
	at cucumber.runtime.Runtime.runBeforeHooks(Runtime.java:201)
	at cucumber.runtime.model.CucumberScenario.run(CucumberScenario.java:40)
	at cucumber.runtime.junit.ExecutionUnitRunner.run(ExecutionUnitRunner.java:91)
	at cucumber.runtime.junit.FeatureRunner.runChild(FeatureRunner.java:63)
	at cucumber.runtime.junit.FeatureRunner.runChild(FeatureRunner.java:18)
	at org.junit.runners.ParentRunner$3.run(ParentRunner.java:238)
	at org.junit.runners.ParentRunner$1.schedule(ParentRunner.java:63)
	at org.junit.runners.ParentRunner.runChildren(ParentRunner.java:236)
	at org.junit.runners.ParentRunner.access$000(ParentRunner.java:53)
	at org.junit.runners.ParentRunner$2.evaluate(ParentRunner.java:229)
	at org.junit.runners.ParentRunner.run(ParentRunner.java:309)
	at cucumber.runtime.junit.FeatureRunner.run(FeatureRunner.java:70)
	at cucumber.api.junit.Cucumber.runChild(Cucumber.java:93)
	at cucumber.api.junit.Cucumber.runChild(Cucumber.java:37)
	at org.junit.runners.ParentRunner$3.run(ParentRunner.java:238)
	at org.junit.runners.ParentRunner$1.schedule(ParentRunner.java:63)
	at org.junit.runners.ParentRunner.runChildren(ParentRunner.java:236)
	at org.junit.runners.ParentRunner.access$000(ParentRunner.java:53)
	at org.junit.runners.ParentRunner$2.evaluate(ParentRunner.java:229)
	at org.junit.runners.ParentRunner.run(ParentRunner.java:309)
	at cucumber.api.junit.Cucumber.run(Cucumber.java:98)
	at org.apache.maven.surefire.junit4.JUnit4Provider.execute(JUnit4Provider.java:367)
	at org.apache.maven.surefire.junit4.JUnit4Provider.executeWithRerun(JUnit4Provider.java:274)
	at org.apache.maven.surefire.junit4.JUnit4Provider.executeTestSet(JUnit4Provider.java:238)
	at org.apache.maven.surefire.junit4.JUnit4Provider.invoke(JUnit4Provider.java:161)
	at org.apache.maven.surefire.booter.ForkedBooter.invokeProviderInSameClassLoader(ForkedBooter.java:290)
	at org.apache.maven.surefire.booter.ForkedBooter.runSuitesInProcess(ForkedBooter.java:242)
	at org.apache.maven.surefire.booter.ForkedBooter.main(ForkedBooter.java:121)
Caused by: java.lang.reflect.InvocationTargetException
	at sun.reflect.NativeMethodAccessorImpl.invoke0(Native Method)
	at sun.reflect.NativeMethodAccessorImpl.invoke(NativeMethodAccessorImpl.java:62)
	at sun.reflect.DelegatingMethodAccessorImpl.invoke(DelegatingMethodAccessorImpl.java:43)
	at java.lang.reflect.Method.invoke(Method.java:498)
	at io.appium.java_client.remote.AppiumCommandExecutor$1.createSession(AppiumCommandExecutor.java:186)
	... 51 more
Caused by: org.openqa.selenium.SessionNotCreatedException: Please pass a URL to app capability to use Remote Install Apps
Build info: version: 'unknown', revision: 'unknown', time: 'unknown'
System info: host: 'Sauce Labs RDC', ip: 'N/A', os.name: 'Linux', os.arch: 'amd64', os.version: '4.4.0-119-generic', java.version: '1.8.0_191'
Driver info: driver.version: unknown
Command duration or timeout: 3.49 seconds
	at sun.reflect.NativeConstructorAccessorImpl.newInstance0(Native Method)
	at sun.reflect.NativeConstructorAccessorImpl.newInstance(NativeConstructorAccessorImpl.java:62)
	at sun.reflect.DelegatingConstructorAccessorImpl.newInstance(DelegatingConstructorAccessorImpl.java:45)
	at java.lang.reflect.Constructor.newInstance(Constructor.java:423)
	at org.openqa.selenium.remote.ErrorHandler.createThrowable(ErrorHandler.java:214)
	at org.openqa.selenium.remote.ErrorHandler.throwIfResponseFailed(ErrorHandler.java:166)
	at org.openqa.selenium.remote.JsonWireProtocolResponse.lambda$errorHandler$0(JsonWireProtocolResponse.java:54)
	at org.openqa.selenium.remote.HandshakeResponse.lambda$getResponseFunction$0(HandshakeResponse.java:30)
	at org.openqa.selenium.remote.ProtocolHandshake.lambda$createSession$0(ProtocolHandshake.java:126)
	at java.util.stream.ReferencePipeline$3$1.accept(ReferencePipeline.java:193)
	at java.util.Spliterators$ArraySpliterator.tryAdvance(Spliterators.java:958)
	at java.util.stream.ReferencePipeline.forEachWithCancel(ReferencePipeline.java:126)
	at java.util.stream.AbstractPipeline.copyIntoWithCancel(AbstractPipeline.java:498)
	at java.util.stream.AbstractPipeline.copyInto(AbstractPipeline.java:485)
	at java.util.stream.AbstractPipeline.wrapAndCopyInto(AbstractPipeline.java:471)
	at java.util.stream.FindOps$FindOp.evaluateSequential(FindOps.java:152)
	at java.util.stream.AbstractPipeline.evaluate(AbstractPipeline.java:234)
	at java.util.stream.ReferencePipeline.findFirst(ReferencePipeline.java:464)
	at org.openqa.selenium.remote.ProtocolHandshake.createSession(ProtocolHandshake.java:128)
	... 56 more
Caused by: org.openqa.selenium.SessionNotCreatedException: Please pass a URL to app capability to use Remote Install Apps
Build info: version: 'unknown', revision: 'unknown', time: 'unknown'
System info: host: 'Sauce Labs RDC', ip: 'N/A', os.name: 'Linux', os.arch: 'amd64', os.version: '4.4.0-119-generic', java.version: '1.8.0_191'
Driver info: driver.version: unknown
Build info: version: '3.141.59', revision: 'e82be7d358', time: '2018-11-14T08:17:03'
System info: host: 'marcela.bras-mbptb.home', ip: 'fe80:0:0:0:21:ac9f:4304:422b%en0', os.name: 'Mac OS X', os.arch: 'x86_64', os.version: '10.14.2', java.version: '1.8.0_191'
Driver info: driver.version: unknown

      org.openqa.selenium.SessionNotCreatedException: Unable to create a new remote session. Please check the server log for more details. Original error: Please pass a URL to app capability to use Remote Install Apps
      Build info: version: 'unknown', revision: 'unknown', time: 'unknown'
      System info: host: 'Sauce Labs RDC', ip: 'N/A', os.name: 'Linux', os.arch: 'amd64', os.version: '4.4.0-119-generic', java.version: '1.8.0_191'
      Driver info: driver.version: unknown
      Command duration or timeout: 3.49 seconds
      Build info: version: '3.141.59', revision: 'e82be7d358', time: '2018-11-14T08:17:03'
      System info: host: 'marcela.bras-mbptb.home', ip: 'fe80:0:0:0:21:ac9f:4304:422b%en0', os.name: 'Mac OS X', os.arch: 'x86_64', os.version: '10.14.2', java.version: '1.8.0_191'
      Driver info: driver.version: AndroidDriver
      	at io.appium.java_client.remote.AppiumCommandExecutor$1.createSession(AppiumCommandExecutor.java:208)
      	at io.appium.java_client.remote.AppiumCommandExecutor.createSession(AppiumCommandExecutor.java:217)
      	at io.appium.java_client.remote.AppiumCommandExecutor.execute(AppiumCommandExecutor.java:239)
      	at org.openqa.selenium.remote.RemoteWebDriver.execute(RemoteWebDriver.java:552)
      	at io.appium.java_client.DefaultGenericMobileDriver.execute(DefaultGenericMobileDriver.java:42)
      	at io.appium.java_client.AppiumDriver.execute(AppiumDriver.java:1)
      	at io.appium.java_client.android.AndroidDriver.execute(AndroidDriver.java:1)
      	at org.openqa.selenium.remote.RemoteWebDriver.startSession(RemoteWebDriver.java:213)
      	at org.openqa.selenium.remote.RemoteWebDriver.<init>(RemoteWebDriver.java:131)
      	at io.appium.java_client.DefaultGenericMobileDriver.<init>(DefaultGenericMobileDriver.java:38)
      	at io.appium.java_client.AppiumDriver.<init>(AppiumDriver.java:84)
      	at io.appium.java_client.AppiumDriver.<init>(AppiumDriver.java:94)
      	at io.appium.java_client.android.AndroidDriver.<init>(AndroidDriver.java:95)
      	at com.yourcompany.step.definitions.GuineaPigSteps.setUp(GuineaPigSteps.java:67)
      	at sun.reflect.NativeMethodAccessorImpl.invoke0(Native Method)
      	at sun.reflect.NativeMethodAccessorImpl.invoke(NativeMethodAccessorImpl.java:62)
      	at sun.reflect.DelegatingMethodAccessorImpl.invoke(DelegatingMethodAccessorImpl.java:43)
      	at java.lang.reflect.Method.invoke(Method.java:498)
      	at cucumber.runtime.Utils$1.call(Utils.java:37)
      	at cucumber.runtime.Timeout.timeout(Timeout.java:13)
      	at cucumber.runtime.Utils.invoke(Utils.java:31)
      	at cucumber.runtime.java.JavaHookDefinition.execute(JavaHookDefinition.java:60)
      	at cucumber.runtime.Runtime.runHookIfTagsMatch(Runtime.java:223)
      	at cucumber.runtime.Runtime.runHooks(Runtime.java:211)
      	at cucumber.runtime.Runtime.runBeforeHooks(Runtime.java:201)
      	at cucumber.runtime.model.CucumberScenario.run(CucumberScenario.java:40)
      	at cucumber.runtime.junit.ExecutionUnitRunner.run(ExecutionUnitRunner.java:91)
      	at cucumber.runtime.junit.FeatureRunner.runChild(FeatureRunner.java:63)
      	at cucumber.runtime.junit.FeatureRunner.runChild(FeatureRunner.java:18)
      	at org.junit.runners.ParentRunner$3.run(ParentRunner.java:238)
      	at org.junit.runners.ParentRunner$1.schedule(ParentRunner.java:63)
      	at org.junit.runners.ParentRunner.runChildren(ParentRunner.java:236)
      	at org.junit.runners.ParentRunner.access$000(ParentRunner.java:53)
      	at org.junit.runners.ParentRunner$2.evaluate(ParentRunner.java:229)
      	at org.junit.runners.ParentRunner.run(ParentRunner.java:309)
      	at cucumber.runtime.junit.FeatureRunner.run(FeatureRunner.java:70)
      	at cucumber.api.junit.Cucumber.runChild(Cucumber.java:93)
      	at cucumber.api.junit.Cucumber.runChild(Cucumber.java:37)
      	at org.junit.runners.ParentRunner$3.run(ParentRunner.java:238)
      	at org.junit.runners.ParentRunner$1.schedule(ParentRunner.java:63)
      	at org.junit.runners.ParentRunner.runChildren(ParentRunner.java:236)
      	at org.junit.runners.ParentRunner.access$000(ParentRunner.java:53)
      	at org.junit.runners.ParentRunner$2.evaluate(ParentRunner.java:229)
      	at org.junit.runners.ParentRunner.run(ParentRunner.java:309)
      	at cucumber.api.junit.Cucumber.run(Cucumber.java:98)
      	at org.apache.maven.surefire.junit4.JUnit4Provider.execute(JUnit4Provider.java:367)
      	at org.apache.maven.surefire.junit4.JUnit4Provider.executeWithRerun(JUnit4Provider.java:274)
      	at org.apache.maven.surefire.junit4.JUnit4Provider.executeTestSet(JUnit4Provider.java:238)
      	at org.apache.maven.surefire.junit4.JUnit4Provider.invoke(JUnit4Provider.java:161)
      	at org.apache.maven.surefire.booter.ForkedBooter.invokeProviderInSameClassLoader(ForkedBooter.java:290)
      	at org.apache.maven.surefire.booter.ForkedBooter.runSuitesInProcess(ForkedBooter.java:242)
      	at org.apache.maven.surefire.booter.ForkedBooter.main(ForkedBooter.java:121)
      Caused by: java.lang.reflect.InvocationTargetException
      	at sun.reflect.NativeMethodAccessorImpl.invoke0(Native Method)
      	at sun.reflect.NativeMethodAccessorImpl.invoke(NativeMethodAccessorImpl.java:62)
      	at sun.reflect.DelegatingMethodAccessorImpl.invoke(DelegatingMethodAccessorImpl.java:43)
      	at java.lang.reflect.Method.invoke(Method.java:498)
      	at io.appium.java_client.remote.AppiumCommandExecutor$1.createSession(AppiumCommandExecutor.java:186)
      	... 51 more
      Caused by: org.openqa.selenium.SessionNotCreatedException: Please pass a URL to app capability to use Remote Install Apps
      Build info: version: 'unknown', revision: 'unknown', time: 'unknown'
      System info: host: 'Sauce Labs RDC', ip: 'N/A', os.name: 'Linux', os.arch: 'amd64', os.version: '4.4.0-119-generic', java.version: '1.8.0_191'
      Driver info: driver.version: unknown
      Command duration or timeout: 3.49 seconds
      	at sun.reflect.NativeConstructorAccessorImpl.newInstance0(Native Method)
      	at sun.reflect.NativeConstructorAccessorImpl.newInstance(NativeConstructorAccessorImpl.java:62)
      	at sun.reflect.DelegatingConstructorAccessorImpl.newInstance(DelegatingConstructorAccessorImpl.java:45)
      	at java.lang.reflect.Constructor.newInstance(Constructor.java:423)
      	at org.openqa.selenium.remote.ErrorHandler.createThrowable(ErrorHandler.java:214)
      	at org.openqa.selenium.remote.ErrorHandler.throwIfResponseFailed(ErrorHandler.java:166)
      	at org.openqa.selenium.remote.JsonWireProtocolResponse.lambda$errorHandler$0(JsonWireProtocolResponse.java:54)
      	at org.openqa.selenium.remote.HandshakeResponse.lambda$getResponseFunction$0(HandshakeResponse.java:30)
      	at org.openqa.selenium.remote.ProtocolHandshake.lambda$createSession$0(ProtocolHandshake.java:126)
      	at java.util.stream.ReferencePipeline$3$1.accept(ReferencePipeline.java:193)
      	at java.util.Spliterators$ArraySpliterator.tryAdvance(Spliterators.java:958)
      	at java.util.stream.ReferencePipeline.forEachWithCancel(ReferencePipeline.java:126)
      	at java.util.stream.AbstractPipeline.copyIntoWithCancel(AbstractPipeline.java:498)
      	at java.util.stream.AbstractPipeline.copyInto(AbstractPipeline.java:485)
      	at java.util.stream.AbstractPipeline.wrapAndCopyInto(AbstractPipeline.java:471)
      	at java.util.stream.FindOps$FindOp.evaluateSequential(FindOps.java:152)
      	at java.util.stream.AbstractPipeline.evaluate(AbstractPipeline.java:234)
      	at java.util.stream.ReferencePipeline.findFirst(ReferencePipeline.java:464)
      	at org.openqa.selenium.remote.ProtocolHandshake.createSession(ProtocolHandshake.java:128)
      	... 56 more
      Caused by: org.openqa.selenium.SessionNotCreatedException: Please pass a URL to app capability to use Remote Install Apps
      Build info: version: 'unknown', revision: 'unknown', time: 'unknown'
      System info: host: 'Sauce Labs RDC', ip: 'N/A', os.name: 'Linux', os.arch: 'amd64', os.version: '4.4.0-119-generic', java.version: '1.8.0_191'
      Driver info: driver.version: unknown
      Build info: version: '3.141.59', revision: 'e82be7d358', time: '2018-11-14T08:17:03'
      System info: host: 'marcela.bras-mbptb.home', ip: 'fe80:0:0:0:21:ac9f:4304:422b%en0', os.name: 'Mac OS X', os.arch: 'x86_64', os.version: '10.14.2', java.version: '1.8.0_191'
      Driver info: driver.version: unknown

]]></system-out>
  </testcase>
  <testcase name="When I click on the link" classname="Scenario: Can follow link to another page" time="0">
    <error message="TODO: implement me" type="cucumber.api.PendingException">cucumber.api.PendingException: TODO: implement me
</error>
  </testcase>
  <testcase name="Then I should be on another page" classname="Scenario: Can follow link to another page" time="0">
    <error message="TODO: implement me" type="cucumber.api.PendingException">cucumber.api.PendingException: TODO: implement me
</error>
  </testcase>
</testsuite>